proguard_logs/seeds.txt
com.askcs.p2000app.BuildConfig
com.askcs.p2000app.BuildConfig: boolean DEBUG
com.askcs.p2000app.BuildConfig: BuildConfig()
com.askcs.p2000app.R
com.askcs.p2000app.R: R()
com.askcs.p2000app.R$anim
com.askcs.p2000app.R$anim: int abc_fade_in
com.askcs.p2000app.R$anim: int abc_fade_out
com.askcs.p2000app.R$anim: int abc_slide_in_bottom
com.askcs.p2000app.R$anim: int abc_slide_in_top
com.askcs.p2000app.R$anim: int abc_slide_out_bottom
com.askcs.p2000app.R$anim: int abc_slide_out_top
com.askcs.p2000app.R$anim: R$anim()
com.askcs.p2000app.R$array
com.askcs.p2000app.R$array: int capcodes_array
com.askcs.p2000app.R$array: R$array()
com.askcs.p2000app.R$attr
com.askcs.p2000app.R$attr: int actionBarDivider
com.askcs.p2000app.R$attr: int actionBarItemBackground
com.askcs.p2000app.R$attr: int actionBarSize
com.askcs.p2000app.R$attr: int actionBarSplitStyle
com.askcs.p2000app.R$attr: int actionBarStyle
com.askcs.p2000app.R$attr: int actionBarTabBarStyle
com.askcs.p2000app.R$attr: int actionBarTabStyle
com.askcs.p2000app.R$attr: int actionBarTabTextStyle
com.askcs.p2000app.R$attr: int actionBarWidgetTheme
com.askcs.p2000app.R$attr: int actionButtonStyle
com.askcs.p2000app.R$attr: int actionDropDownStyle
com.askcs.p2000app.R$attr: int actionLayout
com.askcs.p2000app.R$attr: int actionMenuTextAppearance
com.askcs.p2000app.R$attr: int actionMenuTextColor
com.askcs.p2000app.R$attr: int actionModeBackground
com.askcs.p2000app.R$attr: int actionModeCloseButtonStyle
com.askcs.p2000app.R$attr: int actionModeCloseDrawable
com.askcs.p2000app.R$attr: int actionModeCopyDrawable
com.askcs.p2000app.R$attr: int actionModeCutDrawable
com.askcs.p2000app.R$attr: int actionModeFindDrawable
com.askcs.p2000app.R$attr: int actionModePasteDrawable
com.askcs.p2000app.R$attr: int actionModePopupWindowStyle
com.askcs.p2000app.R$attr: int actionModeSelectAllDrawable
com.askcs.p2000app.R$attr: int actionModeShareDrawable
com.askcs.p2000app.R$attr: int actionModeSplitBackground
com.askcs.p2000app.R$attr: int actionModeStyle
com.askcs.p2000app.R$attr: int actionModeWebSearchDrawable
com.askcs.p2000app.R$bool
com.askcs.p2000app.R$bool: int abc_action_bar_embed_tabs_pre_jb
com.askcs.p2000app.R$bool: int abc_action_bar_expanded_action_views_exclusive
com.askcs.p2000app.R$bool: int abc_config_actionMenuItemAllCaps
com.askcs.p2000app.R$bool: int abc_config_allowActionMenuItemTextWithIcon
com.askcs.p2000app.R$bool: int abc_config_showMenuShortcutsWhenKeyboardPresent
com.askcs.p2000app.R$bool: int abc_split_action_bar_is_narrow
com.askcs.p2000app.R$bool: R$bool()
...
com.fasterxml.jackson.databind.deser.Deserializers
com.fasterxml.jackson.databind.deser.Deserializers: com.fasterxml.jackson.databind.JsonDeserializer findArrayDeserializer(com.fasterxml.jackson.databind.type.ArrayType,com.fasterxml.jackson.databind.DeserializationConfig,com.fasterxml.jackson.databind.BeanDescription,com.fasterxml.jackson.databind.jsontype.TypeDeserializer,com.fasterxml.jackson.databind.JsonDeserializer)
com.fasterxml.jackson.databind.deser.Deserializers: com.fasterxml.jackson.databind.JsonDeserializer findCollectionDeserializer(com.fasterxml.jackson.databind.type.CollectionType,com.fasterxml.jackson.databind.DeserializationConfig,com.fasterxml.jackson.databind.BeanDescription,com.fasterxml.jackson.databind.jsontype.TypeDeserializer,com.fasterxml.jackson.databind.JsonDeserializer)
com.fasterxml.jackson.databind.deser.Deserializers: com.fasterxml.jackson.databind.JsonDeserializer findCollectionLikeDeserializer(com.fasterxml.jackson.databind.type.CollectionLikeType,com.fasterxml.jackson.databind.DeserializationConfig,com.fasterxml.jackson.databind.BeanDescription,com.fasterxml.jackson.databind.jsontype.TypeDeserializer,com.fasterxml.jackson.databind.JsonDeserializer)
com.fasterxml.jackson.databind.deser.Deserializers: com.fasterxml.jackson.databind.JsonDeserializer findEnumDeserializer(java.lang.Class,com.fasterxml.jackson.databind.DeserializationConfig,com.fasterxml.jackson.databind.BeanDescription)
com.fasterxml.jackson.databind.deser.Deserializers$Base
com.fasterxml.jackson.databind.deser.Deserializers$Base: Deserializers$Base()
com.fasterxml.jackson.databind.deser.Deserializers$Base: com.fasterxml.jackson.databind.JsonDeserializer findArrayDeserializer(com.fasterxml.jackson.databind.type.ArrayType,com.fasterxml.jackson.databind.DeserializationConfig,com.fasterxml.jackson.databind.BeanDescription,com.fasterxml.jackson.databind.jsontype.TypeDeserializer,com.fasterxml.jackson.databind.JsonDeserializer)
com.fasterxml.jackson.databind.deser.Deserializers$Base: com.fasterxml.jackson.databind.JsonDeserializer findCollectionDeserializer(com.fasterxml.jackson.databind.type.CollectionType,com.fasterxml.jackson.databind.DeserializationConfig,com.fasterxml.jackson.databind.BeanDescription,com.fasterxml.jackson.databind.jsontype.TypeDeserializer,com.fasterxml.jackson.databind.JsonDeserializer)
com.fasterxml.jackson.databind.deser.Deserializers$Base: com.fasterxml.jackson.databind.JsonDeserializer findCollectionLikeDeserializer(com.fasterxml.jackson.databind.type.CollectionLikeType,com.fasterxml.jackson.databind.DeserializationConfig,com.fasterxml.jackson.databind.BeanDescription,com.fasterxml.jackson.databind.jsontype.TypeDeserializer,com.fasterxml.jackson.databind.JsonDeserializer)
com.fasterxml.jackson.databind.deser.KeyDeserializers
com.fasterxml.jackson.databind.deser.KeyDeserializers: com.fasterxml.jackson.databind.KeyDeserializer findKeyDeserializer(com.fasterxml.jackson.databind.JavaType,com.fasterxml.jackson.databind.DeserializationConfig,com.fasterxml.jackson.databind.BeanDescription)
com.fasterxml.jackson.databind.deser.ResolvableDeserializer
com.fasterxml.jackson.databind.deser.ResolvableDeserializer: void resolve(com.fasterxml.jackson.databind.DeserializationContext)