proguard_logs/mapping.txt
com.askcs.p2000app.agent.MobileAgent -> com.askcs.p2000app.a.a:
    android.content.Context context -> c
    java.lang.String TAG -> b
    java.lang.String username -> d
    java.lang.String password -> e
    java.lang.String passwordOriginal -> f
    void setContext(android.content.Context) -> a
    java.lang.String getVersion() -> getVersion
    void connect(java.lang.String,java.lang.String,java.lang.String) -> b
    void reconnect() -> k
    void logout() -> l
    java.lang.String getUsername() -> d
    java.lang.String getPassword() -> e
    java.util.ArrayList getP2000Messages() -> m
    java.util.ArrayList getSubscriptions() -> n
    java.util.ArrayList getAlarmSetups() -> o
    boolean addAlarmSetup(com.askcs.p2000app.entities.AlarmSetup) -> a
    boolean deleteAlarmSetup(int) -> b
    void setAlarmSetups(java.util.ArrayList) -> a
    java.util.HashMap getCapcodesLinkAlarmSetups() -> p
    boolean addCapcodeLinkAlarmSetup(com.askcs.p2000app.entities.AlarmSetup,java.lang.String) -> a
    void setCapcodesLinkAlarmSetups(java.util.HashMap) -> a
    boolean subscribe(java.lang.String) -> a
    boolean unsubscribe(java.lang.String) -> b
    com.almende.eve.agent.proxy.AsyncProxy getAsyncP2000Agent() -> q
    java.lang.String getPersonalAgentUrl() -> r
    com.askcs.commons.agent.intf.PersonalAgentIntf getPersonalAgent() -> s
    java.lang.String getDomainAgentUrl() -> t
    com.askcs.commons.agent.intf.DomainAgentIntf getDomainAgent() -> u
com.askcs.p2000app.agent.MobileAgent$2 -> com.askcs.p2000app.a.b:
    com.askcs.p2000app.agent.MobileAgent this$0 -> a
com.askcs.p2000app.agent.MobileAgent$3 -> com.askcs.p2000app.a.c:
    com.askcs.p2000app.agent.MobileAgent this$0 -> a
com.askcs.p2000app.agent.MobileAgent$4 -> com.askcs.p2000app.a.d:
    com.askcs.p2000app.agent.MobileAgent this$0 -> a
com.askcs.p2000app.app.AddAlarmActivity -> com.askcs.p2000app.app.AddAlarmActivity:
    com.askcs.p2000app.app.AddAlarmActivity self -> p
    java.lang.String TAG -> o
    android.widget.Button submitButton -> q
    void onCreate(android.os.Bundle) -> onCreate
    void onEveServiceReady(com.askcs.p2000app.service.EveService) -> a
    com.askcs.p2000app.app.AddAlarmActivity access$000(com.askcs.p2000app.app.AddAlarmActivity) -> a
com.askcs.p2000app.app.AddAlarmActivity$1 -> com.askcs.p2000app.app.a:
    com.askcs.p2000app.app.AddAlarmActivity this$0 -> a
    void onEveServiceReady(com.askcs.p2000app.service.EveService) -> a
com.askcs.p2000app.app.AddAlarmActivity$2 -> com.askcs.p2000app.app.b:
    com.askcs.p2000app.app.AddAlarmActivity this$0 -> a
    void onClick(android.view.View) -> onClick
com.askcs.p2000app.app.AlarmActivity -> com.askcs.p2000app.app.AlarmActivity:
    com.askcs.p2000app.app.AlarmActivity self -> t
    java.lang.String TAG -> o
    android.widget.ListView listView -> p
    com.askcs.p2000app.app.AlarmActivity$GoogleCardsAdapter mGoogleCardsAdapter -> u
    com.nhaarman.listviewanimations.swinginadapters.prepared.SwingBottomInAnimationAdapter swingBottomInAnimationAdapter -> q
    java.util.ArrayList alarmSetups -> v
    void onCreate(android.os.Bundle) -> onCreate
    void onResume() -> onResume
    void onEveServiceReady(com.askcs.p2000app.service.EveService) -> a
    void loadAlarmSetupsList() -> k
    void buildAlarmSetupsList() -> l
    void removeAlarmSetup(int) -> c
    com.askcs.p2000app.app.AlarmActivity access$000(com.askcs.p2000app.app.AlarmActivity) -> a
    java.util.ArrayList access$102(com.askcs.p2000app.app.AlarmActivity,java.util.ArrayList) -> a
    void access$200(com.askcs.p2000app.app.AlarmActivity) -> b
    void access$500(com.askcs.p2000app.app.AlarmActivity,int) -> a
    void access$600(com.askcs.p2000app.app.AlarmActivity) -> c
com.askcs.p2000app.app.AlarmActivity$1 -> com.askcs.p2000app.app.c:
    com.askcs.p2000app.app.AlarmActivity this$0 -> a
    void onEveServiceReady(com.askcs.p2000app.service.EveService) -> a
...
org.joda.time.ReadWritableInstant -> org.d.a.af:
org.joda.time.ReadWritablePeriod -> org.d.a.ag:
    void clear() -> a
    void setValue(int,int) -> a
    void setPeriod(org.joda.time.ReadablePeriod) -> a
    void setYears(int) -> a
    void setMonths(int) -> b
    void setWeeks(int) -> c
    void setDays(int) -> d
    void setHours(int) -> e
    void setMinutes(int) -> f
    void setSeconds(int) -> g
    void setMillis(int) -> h
org.joda.time.ReadableDateTime -> org.d.a.ah:
    org.joda.time.DateTime toDateTime() -> d_
org.joda.time.ReadableDuration -> org.d.a.ai:
    long getMillis() -> a
org.joda.time.ReadableInstant -> org.d.a.aj:
    long getMillis() -> c_
    org.joda.time.Chronology getChronology() -> d
    org.joda.time.Instant toInstant() -> e_
    boolean isBefore(org.joda.time.ReadableInstant) -> a
org.joda.time.ReadableInterval -> org.d.a.ak:
    org.joda.time.Chronology getChronology() -> a
    long getStartMillis() -> b
    long getEndMillis() -> c
    long toDurationMillis() -> d
org.joda.time.ReadablePartial -> org.d.a.al:
    int size() -> a
    org.joda.time.DateTimeFieldType getFieldType(int) -> b
    int getValue(int) -> a
    org.joda.time.Chronology getChronology() -> c
    int get(org.joda.time.DateTimeFieldType) -> a
    boolean isSupported(org.joda.time.DateTimeFieldType) -> b
org.joda.time.ReadablePeriod -> org.d.a.am:
    org.joda.time.PeriodType getPeriodType() -> b
    int size() -> c
    org.joda.time.DurationFieldType getFieldType(int) -> i
    int getValue(int) -> j
    int get(org.joda.time.DurationFieldType) -> a
org.joda.time.base.AbstractDateTime -> org.d.a.a.a:
    int getYear() -> f
    int getWeekyear() -> g
org.joda.time.base.AbstractDuration -> org.d.a.a.b:
    int compareTo(org.joda.time.ReadableDuration) -> a
    boolean equals(java.lang.Object) -> equals
    int hashCode() -> hashCode
    java.lang.String toString() -> toString
    int compareTo(java.lang.Object) -> compareTo
org.joda.time.base.AbstractInstant -> org.d.a.a.c:
    org.joda.time.DateTimeZone getZone() -> h
    org.joda.time.Instant toInstant() -> e_
    org.joda.time.DateTime toDateTime() -> d_
    org.joda.time.MutableDateTime toMutableDateTime() -> e
    boolean equals(java.lang.Object) -> equals
    int hashCode() -> hashCode
    int compareTo(org.joda.time.ReadableInstant) -> b
    boolean isAfter(long) -> c
    boolean isAfterNow() -> i
    boolean isAfter(org.joda.time.ReadableInstant) -> c
    boolean isBefore(long) -> d
    boolean isBeforeNow() -> j
    boolean isBefore(org.joda.time.ReadableInstant) -> a
    java.lang.String toString() -> toString
    int compareTo(java.lang.Object) -> compareTo
org.joda.time.base.AbstractInterval -> org.d.a.a.d:
    void checkInterval(long,long) -> a
    long toDurationMillis() -> d
    boolean equals(java.lang.Object) -> equals
    int hashCode() -> hashCode
    java.lang.String toString() -> toString
org.joda.time.base.AbstractPartial -> org.d.a.a.e:
    org.joda.time.DateTimeField getField(int,org.joda.time.Chronology) -> a
    org.joda.time.DateTimeFieldType getFieldType(int) -> b
    int get(org.joda.time.DateTimeFieldType) -> a
    boolean isSupported(org.joda.time.DateTimeFieldType) -> b
    int indexOf(org.joda.time.DateTimeFieldType) -> c
    int indexOfSupported(org.joda.time.DateTimeFieldType) -> d
    boolean equals(java.lang.Object) -> equals
    int hashCode() -> hashCode
    int compareTo(org.joda.time.ReadablePartial) -> a
    int compareTo(java.lang.Object) -> compareTo
org.joda.time.base.AbstractPeriod -> org.d.a.a.f:
    int size() -> c
    org.joda.time.DurationFieldType getFieldType(int) -> i
    int[] getValues() -> d
    int get(org.joda.time.DurationFieldType) -> a
    int indexOf(org.joda.time.DurationFieldType) -> b
    boolean equals(java.lang.Object) -> equals
    int hashCode() -> hashCode
    java.lang.String toString() -> toString