proguard_logs/usage.txt
org.jivesoftware.smackx.packet.DiscoverInfo$Identity
org.jivesoftware.smackx.packet.DiscoverItems
org.jivesoftware.smackx.packet.DiscoverItems$Item
org.jivesoftware.smackx.packet.Header
org.jivesoftware.smackx.packet.HeadersExtension
org.jivesoftware.smackx.packet.LastActivity
org.jivesoftware.smackx.packet.LastActivity$Provider
org.jivesoftware.smackx.packet.MUCAdmin
org.jivesoftware.smackx.packet.MUCAdmin$Item
org.jivesoftware.smackx.packet.MUCInitialPresence
org.jivesoftware.smackx.packet.MUCInitialPresence$History
org.jivesoftware.smackx.packet.MUCOwner
org.jivesoftware.smackx.packet.MUCOwner$Destroy
org.jivesoftware.smackx.packet.MUCOwner$Item
org.jivesoftware.smackx.packet.MUCUser
org.jivesoftware.smackx.packet.MUCUser$Decline
org.jivesoftware.smackx.packet.MUCUser$Destroy
org.jivesoftware.smackx.packet.MUCUser$Invite
org.jivesoftware.smackx.packet.MUCUser$Item
org.jivesoftware.smackx.packet.MUCUser$Status
org.jivesoftware.smackx.packet.MessageEvent
org.jivesoftware.smackx.packet.MultipleAddresses
org.jivesoftware.smackx.packet.MultipleAddresses$1
org.jivesoftware.smackx.packet.MultipleAddresses$Address
org.jivesoftware.smackx.packet.Nick
org.jivesoftware.smackx.packet.Nick$Provider
org.jivesoftware.smackx.packet.OfflineMessageInfo
org.jivesoftware.smackx.packet.OfflineMessageInfo$Provider
org.jivesoftware.smackx.packet.OfflineMessageRequest
org.jivesoftware.smackx.packet.OfflineMessageRequest$Item
org.jivesoftware.smackx.packet.OfflineMessageRequest$Provider
org.jivesoftware.smackx.packet.PEPEvent
org.jivesoftware.smackx.packet.PEPItem
org.jivesoftware.smackx.packet.PEPPubSub
org.jivesoftware.smackx.packet.PrivateData
org.jivesoftware.smackx.packet.RosterExchange
org.jivesoftware.smackx.packet.SharedGroupsInfo
org.jivesoftware.smackx.packet.SharedGroupsInfo$Provider
org.jivesoftware.smackx.packet.StreamInitiation
org.jivesoftware.smackx.packet.StreamInitiation$Feature
org.jivesoftware.smackx.packet.StreamInitiation$File
org.jivesoftware.smackx.packet.Time
org.jivesoftware.smackx.packet.VCard
org.jivesoftware.smackx.packet.VCard$ContentBuilder
org.jivesoftware.smackx.packet.VCard$VCardWriter
org.jivesoftware.smackx.packet.VCard$VCardWriter$1
org.jivesoftware.smackx.packet.VCard$VCardWriter$2
org.jivesoftware.smackx.packet.VCard$VCardWriter$3
org.jivesoftware.smackx.packet.VCard$VCardWriter$4
org.jivesoftware.smackx.packet.VCard$VCardWriter$5
org.jivesoftware.smackx.packet.VCard$VCardWriter$6
org.jivesoftware.smackx.packet.VCard$VCardWriter$7
org.jivesoftware.smackx.packet.Version
org.jivesoftware.smackx.packet.XHTMLExtension
org.jivesoftware.smackx.provider.AdHocCommandDataProvider
org.jivesoftware.smackx.provider.AdHocCommandDataProvider$BadActionError
org.jivesoftware.smackx.provider.AdHocCommandDataProvider$BadLocaleError
org.jivesoftware.smackx.provider.AdHocCommandDataProvider$BadPayloadError
org.jivesoftware.smackx.provider.AdHocCommandDataProvider$BadSessionIDError
org.jivesoftware.smackx.provider.AdHocCommandDataProvider$MalformedActionError
org.jivesoftware.smackx.provider.AdHocCommandDataProvider$SessionExpiredError
org.jivesoftware.smackx.provider.CapsExtensionProvider
org.jivesoftware.smackx.provider.DataFormProvider
org.jivesoftware.smackx.provider.DelayInfoProvider
org.jivesoftware.smackx.provider.DelayInformationProvider
org.jivesoftware.smackx.provider.DelayInformationProvider$1
org.jivesoftware.smackx.provider.DeliveryReceiptProvider
org.jivesoftware.smackx.provider.DiscoverInfoProvider
org.jivesoftware.smackx.provider.DiscoverItemsProvider
org.jivesoftware.smackx.provider.EmbeddedExtensionProvider
org.jivesoftware.smackx.provider.HeaderProvider
org.jivesoftware.smackx.provider.HeadersProvider
org.jivesoftware.smackx.provider.MUCAdminProvider
org.jivesoftware.smackx.provider.MUCOwnerProvider
org.jivesoftware.smackx.provider.MUCUserProvider
org.jivesoftware.smackx.provider.MessageEventProvider
org.jivesoftware.smackx.provider.MultipleAddressesProvider
org.jivesoftware.smackx.provider.PEPProvider